649
431 3
34921 38638 71431 
112 12
97669 52262 86983 75365 8072 98699 37868 92856 10000 98712 72667 80511 
516 3
13616 20625 85721 
114 2
99822 71935 
960 1
48563 
127 1
54498 
454 22
3845 69898 13075 54164 78867 85401 78490 65053 11815 8106 71595 22317 49455 72623 42942 35009 7375 33875 21082 87022 24305 29950 
21 13
10882 90499 11627 69678 64047 76463 41521 33553 73234 16274 64502 64950 46783 
624 7
67525 550 16554 14128 98192 48594 46718 
847 10
12422 53323 89739 49101 29295 34290 93913 20569 26972 44797 
12 1
24032 
330 12
75686 14471 4715 45997 31248 79600 81904 50067 24211 88732 45886 86751 
369 83
2560 26113 96265 98829 1042 48149 73750 91681 58914 24616 74286 96303 31298 19010 88132 86596 80974 87131 88673 15478 21130 58508 63120 4753 65175 37538 70818 91305 42154 42676 2743 50371 6855 68316 3804 19685 8428 96500 45300 74489 7942 71944 30990 69395 72981 33048 83736 84763 84252 50988 49965 56113 824 90955 8017 36181 50015 65387 70000 78709 41348 74118 9609 70028 29073 91029 73632 98723 12724 66495 71107 43467 85968 80340 67031 76761 50651 63451 31204 42479 4082 54264 39931 
595 82
72714 6669 67089 6165 90654 15905 3107 94244 7213 62003 76851 65093 10827 35412 17497 18525 3166 56414 38500 98920 56424 73324 63095 7808 27268 22670 43667 87713 20143 99506 28348 33474 57027 80068 8388 17612 24269 87785 30462 60681 78090 36108 13071 22800 20753 70420 66338 36652 52013 45366 82745 74080 6496 1381 63846 27496 12139 49517 9591 52092 41854 86911 55167 76686 41367 83869 97186 45485 35249 36273 81332 77760 38848 90572 61903 89040 72153 95210 55790 5111 72698 80379 
104 1
96734 
773 8
64388 39750 55724 57874 37267 2002 94839 49498 
208 1
27964 
623 1
92080 
732 7
2468 65358 2640 97078 792 43099 48447 
288 4
73006 50559 70798 98375 
399 1
46635 
965 1
85353 
828 93
32256 67587 78344 19977 86538 20511 38433 47650 27688 20532 43072 16449 81481 10314 11339 71248 40017 93780 90710 93270 8302 14462 98442 76429 65168 64149 74391 86680 52375 76956 68779 95406 24243 6841 57018 20155 62140 78021 22215 81614 15569 37599 23265 71399 21234 95987 82177 90890 67346 38167 4378 43298 57128 1322 18239 55118 54096 48476 73054 74591 28510 60773 36200 75126 87414 92540 18300 17792 32139 39831 26009 87967 39841 8098 94122 21419 82354 10676 949 84925 69053 42444 20433 25047 31703 73687 98269 54240 76777 53745 12275 91126 54775 
209 68
78721 49926 79112 137 92937 11019 80141 5775 55183 87060 89624 93594 21532 53534 44194 40104 47146 77482 59954 5171 81204 27956 439 24889 38074 22330 7740 6590 95295 44223 56001 52418 1989 55881 52944 59730 42454 43223 38743 1625 23770 19419 95833 68317 65244 67295 89184 85730 72163 4839 19303 39657 78951 97384 62568 26351 41840 49906 56690 73332 98678 40952 70265 33914 86780 26621 52094 57471 
902 42
42116 35973 80646 13576 88845 78610 24082 36887 17049 57244 47137 25891 60581 70182 31144 82857 72874 71592 50604 52782 19248 5424 42546 84531 98740 23871 34881 54980 24517 88400 98130 31060 76389 94185 34922 13548 70253 28017 72440 82810 37884 68093 
743 6
66659 21096 25257 54601 72718 38388 
108 10
13411 81349 74632 9002 34608 72690 54548 76149 72061 69918 
563 82
60427 64528 38930 31267 92202 56879 61490 77366 25685 76374 15957 91746 88166 19569 60020 26235 65666 1170 86675 33442 72363 21192 80085 96472 11482 69341 73955 14575 93424 53489 78581 39677 69888 89856 94983 26385 55059 53524 99102 67872 19758 76079 47921 33074 10048 92488 47949 66382 47440 45909 99675 9056 75107 30568 4973 76143 49009 57716 76662 10102 20858 73595 22398 4484 96134 97160 72074 71566 24977 41386 64434 87993 34750 41420 95183 19920 32726 29149 40434 58867 27124 83963 
221 7
16130 54215 50537 1900 34286 73144 53337 
457 26
21633 88198 31116 85140 16406 59158 52258 71845 11302 85683 69431 57784 63040 17479 26568 85450 91100 89194 59886 86510 91764 42357 75640 71034 63867 33534 
573 6
1347 9093 2822 73671 59373 5471 
274 3
4618 48202 79382 
261 20
76290 38789 26632 50587 62884 95141 27046 14893 82483 85428 84309 95062 11357 10851 62180 90725 53353 45931 84221 75518 
233 1
52459 
604 1
50716 
541 4
27056 86243 11104 10727 
49 3
95504 61178 54054 
153 1
60192 
66 3
91467 43163 59126 
201 56
29952 63745 50690 51971 83461 29453 36237 69647 61076 35478 99869 84382 39966 76448 27679 4259 47652 89254 82087 37036 90156 98094 34733 6967 33464 64698 78398 92865 53059 54599 8906 3147 28491 24785 12628 51029 43224 27866 43611 73314 60643 47719 44264 57962 8951 67308 47473 25969 74483 84468 75633 25462 65783 80505 69886 42359 
219 52
81154 59139 75268 24197 33031 57609 36365 62478 65039 16656 63891 65685 4763 37275 76316 85022 34337 98466 36642 45988 99492 99495 89769 38315 14251 97970 18740 57910 9784 75068 18238 26047 13510 36039 18250 35275 51021 87630 17998 43473 88537 6234 18010 11612 68449 58722 16613 96112 51315 67955 50813 44670 
923 4
77689 42225 4131 11342 
319 90
85504 88067 6660 54278 65555 73238 27161 32796 41507 54308 37928 77866 97840 33873 67154 2649 8290 15458 96374 49782 97912 21113 5247 51863 76954 20637 60590 178 57534 53953 89285 55497 44243 88792 16105 7403 84716 97517 41710 81643 16629 72438 87798 55030 61180 2817 99585 77572 9482 44307 55065 35612 58655 48419 87338 14639 25904 95537 32054 23867 65347 37701 20809 5456 55135 6498 6513 94578 17272 7546 11139 80774 29585 55187 24983 80282 62371 95651 65959 71093 17850 91596 16334 23511 16859 78817 41954 2533 20471 71673 
390 20
35460 70170 91803 98332 67103 52512 22817 59556 76025 42803 59851 81998 14030 38616 25693 72801 50277 30188 36592 96761 
400 10
30977 42341 94985 79596 90413 58029 60278 96600 82588 48829 
50 2
15213 90919 
643 1
3142 
517 41
8583 94989 11022 81297 94482 60434 96023 55448 48537 96283 12704 72994 49956 32036 22312 79531 76336 53298 48307 94516 8756 65463 34743 81848 21054 37187 93639 48328 83146 76111 53072 46930 52948 70624 96865 58859 66544 27250 2420 4725 87161 
242 8
65409 21189 73541 25256 31273 73426 77592 90814 
273 60
20994 84227 43012 50819 7688 49034 39823 8978 97429 22421 91288 75544 42651 42401 24610 86562 26145 3618 9763 85038 33071 95151 30001 97966 63278 33720 98873 82746 87870 28735 31682 16452 34247 32968 73929 41034 45388 58061 97488 10705 95186 99664 68057 98649 1115 13530 77407 31457 93793 69474 80487 15593 35947 44908 96881 19322 79099 27772 34429 40703 
75 27
45440 2946 54275 8454 51977 30220 13325 9872 48021 73237 3363 41892 59816 49837 3766 35007 79048 97992 8909 68693 79830 90856 46061 72815 63343 7797 46711 
881 15
27769 30787 70596 61957 73990 64423 35881 52714 36011 40650 99865 71438 26681 86779 47518 
128 12
75261 930 47331 21635 51194 29927 96029 75290 41754 40412 92413 65982 
987 91
58883 19462 41992 45065 28684 49174 31786 74285 59949 82480 32304 91697 74294 88632 55864 78397 1598 42559 78927 7247 59988 7257 10842 42596 12390 41074 8824 9343 38021 93831 32904 17550 70800 57501 36509 61602 674 23720 74931 83126 43191 28859 7898 53481 54506 51958 59132 35587 70432 68391 61234 89915 11069 76609 36163 51525 86343 80712 85328 13655 56666 22367 92000 3432 90990 5999 96625 6014 74629 18309 88461 1938 67476 87960 69529 99746 65448 88489 46506 13747 44469 13764 35784 72138 47050 85964 94685 81376 73190 17906 12793 
262 11
837 33381 79272 30027 41518 97809 99220 42774 42520 69465 33855 
324 6
94441 6348 10796 45868 52818 39774 
819 9
59072 91972 93317 18342 77127 91016 51562 52812 14015 
130 3
86800 83801 44961 
506 1
61039 
527 68
12417 6402 52609 7809 14981 22404 63368 15626 49805 98702 68625 97810 22675 1022 75033 79258 53404 84893 32157 63004 70817 40610 28578 26404 67492 51878 18473 31146 85033 27691 75049 67758 13870 2098 79155 11572 2357 10806 26035 91193 54588 62658 1220 31432 7497 86090 39503 24784 63824 40657 18258 20439 32856 58713 5723 34012 23517 40157 3422 44287 18023 95852 21486 44918 4475 62972 6398 80895 
928 16
34944 7105 92514 79075 60804 79522 87016 93322 93323 61868 70303 37137 25627 75421 98750 55583 
927 59
96256 39682 97282 64515 21253 92422 77443 7180 10381 79372 58894 17808 33425 18062 93844 71703 26394 6562 29218 4899 51749 28455 81448 34985 70057 37678 49839 12464 85041 42161 95672 54587 14780 17597 66111 17471 43714 43204 34885 97092 32326 78156 59853 91603 62292 84181 62804 16984 77660 76253 92641 36837 19309 33648 48626 20214 90876 92798 12671 
81 14
1155 70725 37158 56167 23738 6634 33514 15310 88943 45297 39802 29243 25630 82591 
438 10
57986 13603 40354 88002 95078 967 72173 57374 92379 51806 
57 10
33280 55783 47435 71148 18415 19093 72885 40503 82587 15644 
137 4
58672 23864 80659 81647 
113 3
47179 45877 15943 
415 4
65105 72234 58252 27791 
440 2
57325 31047 
106 53
65924 75911 36873 95119 84496 80020 35607 80537 3225 98973 61343 801 91811 8613 81446 40232 65068 17971 67765 9142 6584 31032 98361 84154 77624 28221 47034 69314 26309 46792 44111 20175 6101 25178 23132 4957 67292 32864 21344 93536 13795 40426 10476 64492 42352 43121 68338 65009 40945 24821 81271 1785 75007 
839 22
93710 87950 91933 60317 14245 33448 56104 50729 83633 7225 19530 10571 34636 45263 25688 33502 19946 94699 38901 2551 89464 38396 
194 16
37344 19938 25924 97349 47686 50541 80797 14285 93392 57202 2740 1622 93942 9210 59995 12541 
663 12
70049 63523 96197 14856 39626 99820 14931 76181 52311 52892 72350 48095 
18 15
83105 66147 16771 97827 75754 13067 90637 5935 6097 12499 17110 99767 37468 40734 75295 
829 2
98656 22342 
320 2
67650 5653 
564 2
67267 37276 
723 79
68609 15371 85527 90651 49692 39467 58419 27716 75863 53853 34915 82031 97913 91260 63621 42125 14998 66202 2209 1188 48310 88247 4281 91322 55996 30401 38084 47826 15061 70360 59102 93918 49377 96998 97511 60651 31980 1781 30971 72448 99594 97559 76575 54050 85794 4902 17191 44331 7468 51504 16177 62772 18242 44880 50013 13670 60266 55672 7545 84857 59270 60301 61348 50600 93099 37819 46536 11724 88021 7127 81879 78811 66013 27614 80865 494 18928 30713 55805 
789 31
46339 32903 35719 43401 27273 44950 53016 62746 11295 37282 75814 934 8873 40493 46264 61758 27082 17362 96213 16739 5604 45286 8680 30440 86637 67053 3823 95479 69883 77949 51838 
281 30
95361 63877 38421 17959 79528 50099 29620 18230 64823 61885 32830 7876 69829 80327 23239 58311 28104 88658 8532 40151 2782 47838 55526 62570 30447 32241 9459 50167 10747 44028 
975 2
3409 17291 
859 1
260 
503 91
37889 18446 31247 68630 9755 86556 15906 69163 26155 13875 77878 80444 72256 62030 17486 49234 62551 64096 55904 62567 33385 26731 17519 45168 89201 92285 4232 66196 26779 17563 11425 93349 67247 8368 29875 25277 62660 23751 82636 31957 39640 94956 34038 2295 38146 55051 72461 39204 97578 19755 62768 30515 37684 3901 66881 76098 41283 68933 18765 45905 16723 16733 94048 65901 54649 92542 7552 44937 29069 70552 99228 29597 79268 2984 98218 84910 97205 58302 79809 17862 91080 64972 43474 39894 83424 62435 96743 41961 80369 24563 1525 
540 8
39589 47366 40058 79434 11116 37325 46413 73882 
808 4
23377 64170 42764 36338 
423 1
23512 
211 56
61573 21753 24967 76295 88967 34312 24716 33295 45462 98711 45590 52118 21913 12183 49693 6429 70814 22301 18850 47012 74917 13990 56621 93873 83124 66357 67508 49342 11070 21439 72129 44352 8005 87368 7372 88909 71888 34000 66897 79571 22483 35797 52570 95451 36698 80093 55391 15586 4452 32229 97256 40432 30839 15480 54137 34814 
500 24
72322 65028 6917 49561 72989 56868 35242 47147 38571 96688 24498 91447 75462 56650 64332 36943 37200 40145 51547 75105 31721 58734 1519 53626 
724 17
93185 93623 15492 96133 29996 88109 20302 45647 77103 43538 19123 99898 91986 59606 1174 4152 83194 
78 13
35107 34085 33384 66570 2603 39243 50316 48684 46638 93463 39386 12860 89630 
24 5
87404 332 54672 11349 33947 
385 46
18944 13570 57348 17030 66183 95374 46095 8862 83615 53922 46761 69675 73004 4270 20910 12976 56368 38448 9778 35381 82230 6328 50488 68026 83386 30402 50757 41801 67146 3025 11220 53589 2134 56405 91097 98907 19813 11369 77807 33905 92274 95350 40056 4219 87292 97918 
188 37
97920 12550 36489 95882 69387 87947 23058 48915 59287 665 1820 41505 20261 5929 4398 7218 21810 15930 17085 21695 82884 51271 39495 2249 81488 45779 29268 18905 96730 90587 74212 38123 80754 6771 66036 52338 82934 
584 18
58432 34660 2374 92198 82438 80489 15530 48891 73607 47213 28207 73264 32597 23863 63546 23259 20222 72639 
166 14
75009 32353 49446 56233 59277 49391 34991 7120 72018 25681 87252 74326 11129 24508 
366 2
4600 7902 
380 15
23936 2721 58791 71357 7911 28876 78029 60783 39952 36565 64214 59288 51416 93693 33279 
939 27
77314 98308 64392 1163 525 2958 84755 93461 7321 16665 45594 80931 18982 43688 82734 42170 80195 69325 79704 65884 71777 52579 3056 13810 38898 31222 17527 
35 8
35846 86474 10090 45807 94127 19153 36087 2172 
214 5
34048 52615 93289 77204 49627 
370 2
78451 24213 
16 25
19215 77078 11037 36253 3747 71080 91819 90286 87858 48692 70454 94904 29373 57152 48839 37075 43861 66264 93153 11361 45675 10477 31087 89850 9467 
449 29
32897 65673 6410 82955 17939 83225 48282 74395 93725 19494 16043 92590 27185 23988 91199 6849 80706 80198 50634 97611 84429 27857 50898 38996 60640 32230 63975 4844 58100 
258 47
63360 86914 63362 11144 42509 28430 32273 86290 62105 95259 24732 61597 78237 36127 58402 91427 4003 99623 1961 82221 79662 81838 12207 59576 40377 48704 23106 13255 35277 89424 88914 9427 26964 54228 9048 43225 70493 15201 34407 3437 65393 24309 90870 69494 96122 33531 49149 
44 4
40120 37962 95147 24515 
508 46
56450 4747 72591 22939 37663 44321 45990 18855 27431 23212 41519 65712 6961 84274 48559 82100 2742 11318 10552 17719 93498 33216 24132 36676 26054 82887 41545 22731 35403 78157 12366 48715 49489 53073 43991 72537 7775 49248 37604 7276 15854 68975 55794 25972 7669 57205 
874 12
61312 60065 61122 5380 87751 22343 70160 23536 83568 60659 52763 82430 
888 2
81682 3070 
259 2
16696 73139 
532 2
85070 81671 
954 2
20941 65742 
730 1
99366 
649 15
1409 24964 82534 4456 97386 90923 62348 31693 19357 1104 68178 32306 58905 80474 12573 
983 2
49206 61319 
897 4
52264 43476 38204 63311 
120 1
87520 
20 1
51968 
171 1
27456 
126 27
85889 40068 58631 71053 4495 69264 68896 69024 86818 6308 58281 78382 22198 32438 87608 75705 6460 98499 10563 42052 87497 26966 22489 92122 79965 71788 12652 
691 7
8397 41968 52272 26934 54040 96540 51421 
59 7
22017 166 29103 30543 17522 62548 26045 
216 3
31162 73042 53543 
561 13
49827 67235 38892 62734 28217 70867 92532 43701 30452 44439 73145 74013 7646 
460 9
2081 66473 685 93300 17622 75222 52698 99037 39775 
733 3
50909 80035 4717 
26 1
2990 
696 1
75976 
414 13
8033 8612 42821 88168 89512 55885 66254 76621 95699 86168 14874 59804 16159 
857 2
73769 59597 
745 54
91904 12549 39685 48391 3593 31498 25994 20495 5395 27796 1431 52764 1309 82590 94881 28706 39969 83236 75432 93613 80632 21426 48691 3508 68152 9912 66106 6076 575 17474 79554 14148 51401 41164 76499 20565 90969 67675 56541 75870 72415 50783 5855 79585 22498 47460 21223 66412 86125 70383 53874 10232 55034 86397 
795 17
97601 91777 44103 96138 25803 65997 86254 25263 73039 6322 53651 82386 914 12631 66520 42781 38399 
794 8
78693 35334 89064 24300 46067 21301 28853 59863 
701 8
13577 20780 15757 74926 7824 57171 8213 56636 
885 9
42177 45796 17289 22762 96238 35058 69269 41334 39646 
1 20
10769 78364 4637 43040 37804 70191 31422 69694 50752 28115 10583 28504 99543 11610 49112 77021 88675 28008 3183 29682 
823 13
45696 17376 93218 74568 44301 49710 13166 95087 23632 48660 8566 7414 81398 
973 1
19134 
628 28
15759 81554 11667 90393 12574 51744 45089 81193 40362 74803 78525 81215 55233 95554 5827 92228 77130 46674 32855 83671 73562 32993 52073 25196 14829 68340 36597 61437 
634 6
21194 88142 76814 69590 49050 19963 
630 2
48297 18014 
666 1
29872 
94 49
8451 89603 24840 15624 74509 6158 43790 90386 61846 27416 95129 5657 58011 40733 7459 33446 23848 68907 3501 16942 89518 53037 79663 20658 37430 16823 92986 28606 26431 74944 61763 8390 55495 94535 76743 35911 9418 8008 93263 42704 12627 9431 11999 52450 68967 96365 89463 81401 32122 
937 23
70022 69002 8977 35730 48529 18069 66851 89124 15402 77610 38320 16565 79029 33208 31289 39226 96577 97985 90448 30801 87402 84719 39159 
685 2
39568 88211 
865 40
98049 83334 32648 91021 10642 68756 3606 10649 57113 66463 21791 7329 73122 77695 56484 74663 32049 52278 89658 60990 92352 71241 98122 85961 26195 58196 42973 46688 61028 20839 22761 61033 87151 58992 43377 2423 22906 51323 44029 70015 
741 34
32771 43267 8456 43913 74255 26487 279 14360 90649 31899 59938 83362 66979 95653 57515 40114 89018 828 12093 71870 99009 26948 96202 30804 11092 40537 4833 98017 27491 34924 85869 87791 3440 247 
917 2
22153 31420 
51 48
15877 79365 4489 269 81551 8599 80663 7964 29088 3105 56481 24871 27687 15912 9137 2614 42679 58554 13892 17606 89287 18248 22603 87757 25552 53332 75862 53335 38232 218 33374 12900 70884 96100 95337 13418 38380 3951 8946 49138 19700 9972 86390 27766 80504 86907 15230 33407 
772 15
47969 37507 92484 74314 34519 76654 68208 86641 11952 16113 51007 37591 44220 74333 66975 
392 7
67233 84840 86225 48948 35733 69399 27550 
217 30
69766 26381 84111 81557 21273 17311 63779 93224 55343 79414 85048 6072 14138 79291 187 29116 54977 65607 33738 54991 5970 90709 26843 48615 84470 81911 73722 30715 37757 98686 
308 2
18688 31667 
830 2
24969 70338 
223 1
92496 
467 50
50304 26627 12547 16900 27525 23303 50439 85132 87697 87442 45972 69396 63641 17435 44701 17310 73248 37797 49578 94385 63157 16439 85943 51258 89788 85053 22078 30913 37570 62147 23621 79558 3144 88137 12873 49993 17737 56908 98251 89938 23127 42203 91228 1124 229 17389 54126 18287 61308 85373 
681 40
38153 18959 83088 19473 11536 89748 47126 63480 921 68506 48930 45478 8616 45098 95920 65587 92597 44598 65855 9024 85702 4811 5453 75599 75088 12152 84949 42837 69210 15710 12642 22243 74727 25831 44905 59246 66162 1395 29688 1148 
62 39
83584 39937 59404 67854 90255 55184 84753 48148 26389 11031 21655 59552 88482 39334 69422 40878 66737 32178 28981 15802 92220 16061 79934 88127 76738 15695 85711 66769 90072 31836 18015 13920 6242 49639 84590 46961 73849 27900 24447 
290 8
41032 55005 38093 54483 58357 13590 55581 34526 
608 20
30209 51330 3221 24090 33052 97950 84259 44714 63029 65207 49082 83261 88895 43085 25686 71134 47584 15471 49658 34941 
32 11
15264 52356 50639 60656 55473 3506 39283 77492 11734 67127 9214 
764 36
31106 97026 15621 51974 86667 75404 43414 33434 69531 23455 43808 52001 79391 55718 29994 70830 15286 90174 18630 23627 74190 56659 84180 7132 37469 13663 5474 45667 50275 10725 62950 82281 24436 45557 51578 23167 
411 10
34401 6723 74724 66149 17927 2412 40497 45427 29720 4542 
525 1
58539 
30 41
1539 60423 11657 75288 39321 34074 29470 35999 92192 42910 82982 73767 12459 8364 33069 71856 18739 49716 40374 79542 90690 48972 84817 65874 42067 91732 74069 25051 82524 59996 16865 82915 67171 53861 5864 68330 10096 37106 12919 79864 96510 
354 7
97952 28610 60484 85930 10991 66129 80985 
550 3
71648 37827 93836 
940 2
37869 93535 
686 2
66956 14805 
979 40
69632 70528 22789 39943 87439 24982 4634 90024 11305 21303 93881 39611 19515 95804 94012 25026 41155 75971 37321 42828 64208 61778 80088 37347 94820 77029 28644 19048 83050 44396 79212 69998 81388 15982 67569 99828 82550 3191 93558 3454 
934 3
92649 69962 74962 
499 43
93448 75019 56337 71702 92698 59164 54045 74910 3485 41891 15915 41777 9009 87474 81076 46133 79802 98107 8123 68033 19009 27457 6977 39621 33859 50507 12237 47310 64467 52055 61785 83419 93409 51299 47717 9322 37355 1643 20076 74352 51827 88183 29437 
513 5
21927 84653 78799 19887 16405 
875 3
67139 57588 58542 
436 3
9686 45774 11647 
417 1
63074 
838 1
77395 
909 80
5125 53766 11285 24600 3100 39973 77359 94774 12345 74823 77403 23646 14943 25189 34925 29812 83062 29827 30366 59561 83629 89776 9402 60612 10440 67787 54478 12510 69854 72937 16106 86766 92923 15100 60673 7937 39684 36100 80660 46360 73522 51000 4410 59706 66362 76101 80202 40271 92505 69472 74087 47975 13161 23911 75629 10615 49017 45948 27006 3465 19339 90510 4497 85915 59293 10658 75175 4523 51641 72637 11202 93129 74698 95689 73162 64476 67555 39908 1515 79357 
341 7
29030 74412 60461 66032 5778 91995 80159 
310 1
8002 
476 8
82368 44522 79659 67629 28237 31695 44306 55483 
186 32
19073 30344 87178 75407 91794 21408 65443 58662 11695 32687 75447 80833 44353 52684 93518 67663 73553 92242 34899 71509 344 37593 40547 21478 57832 52329 47725 92914 90741 50038 79095 64892 
332 1
77620 
152 9
23811 38792 42445 68974 37902 22446 62008 61662 40959 
710 7
2945 4201 40329 16087 26765 10263 28027 
950 28
15619 25604 49929 20368 43026 44696 11434 58283 71476 30646 48183 64184 58042 88768 10051 31306 25548 32589 13390 346 63968 87266 99684 55668 78584 93050 97533 98687 
569 15
61539 61571 92199 18952 85671 93676 77612 59198 7505 25299 64053 45624 69117 97598 65535 
566 72
44160 26374 57736 74494 63247 95888 78993 20370 84379 99867 83102 4767 64800 69409 89250 78116 72613 5798 18341 60072 39850 4651 6318 38194 40500 2997 95416 48697 44731 572 77756 28991 89152 84803 15178 92107 19276 73164 51966 11006 72658 20947 22612 45653 73688 2521 48473 61531 99419 93277 13788 63326 30049 42082 46948 22885 80742 15334 26472 96363 87019 16493 73966 97006 34029 70897 58737 30576 75756 20472 27641 59646 
69 41
72324 72581 34566 47623 69133 46746 91170 19624 14889 93866 92715 99885 51631 13490 15284 5943 97338 65338 69951 94919 25032 70599 61521 10578 57938 83793 5589 14679 22872 87256 1118 19937 12006 3559 72557 71152 3057 38770 81787 95868 54654 
862 3
53395 21662 97055 
614 7
49602 39748 52521 1265 79315 20501 87032 
995 3
46474 90643 67237 
870 2
57676 89573 
60 1
43132 
475 12
8641 15106 68099 56513 72229 57927 69003 48302 60401 69108 88565 3734 
752 8
22592 22626 80771 5067 74861 40365 10353 89977 
703 3
55490 61282 28759 
433 5
37184 42757 58696 50473 1167 
919 14
93120 50753 22496 92133 39240 25704 62697 75113 66638 34610 57684 91671 21818 73118 
0 51
16512 18560 38663 41609 28938 5260 61196 30737 79227 45845 97946 13602 75811 10917 48294 44325 87589 37930 14768 90804 1204 73912 55353 12859 12734 86334 71358 33989 53448 8913 21970 53973 42709 37467 68700 40925 27775 52576 44001 35811 37732 11109 14822 15333 26212 35306 76018 118 41083 11902 66559 
314 24
64131 28943 34319 51353 84507 82846 78760 3637 49599 31943 77390 25939 60501 41302 57943 43734 67419 22368 56677 51560 40047 92529 79348 18683 
522 13
75844 75142 9927 96039 72777 34303 13902 71154 30642 7510 31768 83610 25823 
470 14
33248 53541 23622 45608 25040 54226 19506 86292 31221 43862 95860 50618 77150 58079 
714 2
88790 68358 
816 8
37665 33922 39302 33739 53678 65968 78992 50648 
559 5
60482 96485 38162 7923 53431 
254 4
81632 50497 76771 12621 
253 1
85544 
589 1
88575 
463 32
58629 72327 23178 72587 16911 71575 8984 92696 85657 50984 93355 42669 29104 57778 34612 27199 93516 99533 60245 39385 67678 31712 76515 26727 57191 60396 29933 40428 54511 60146 1017 44410 
806 72
57088 7554 7814 96775 41736 80137 7562 20619 87671 77703 93966 99347 15766 65947 92315 64155 52130 37027 676 82724 68389 69158 5794 35755 80432 29745 50354 81078 24759 23096 10425 90555 96700 7741 20671 37312 97472 18112 64710 9288 1100 83790 62036 64982 4696 57944 20826 11096 70747 84573 3547 42969 15456 93921 92899 35557 10347 92652 80749 1134 44269 16237 86012 94834 96882 99188 20725 68597 40310 57596 73853 20990 
906 62
23681 85761 28932 57095 70921 14604 38543 2320 65936 16143 47507 75664 60566 78743 27674 70810 71419 63520 99368 32173 66094 93103 7345 81713 5811 54072 55993 8377 89784 65597 56186 38205 28228 1477 81223 41928 26311 49097 23499 27596 76365 37454 25806 37457 76632 31961 85082 57051 61792 90976 40036 84837 46310 34666 27243 92525 99567 83697 64759 37754 35835 93437 
971 33
18689 97795 92311 38680 43034 14362 95643 48415 53674 99499 75183 76088 66489 1980 38461 89664 99523 51142 51403 65870 81876 72278 56284 15581 21341 21091 38499 58980 40299 73070 77938 7794 38523 
287 56
19588 80519 67336 81545 84874 28299 21388 25486 53904 37009 97680 61331 32792 78496 58275 24613 56358 29734 64680 25642 12971 49279 89131 19250 45494 27702 95673 29755 63551 48576 17090 10308 17348 60230 91595 84304 71505 98258 1750 54232 54745 13402 89087 5981 83423 93919 6882 64866 73956 81252 82539 9068 17772 18170 10107 29183 
68 12
62145 20225 16676 92069 58284 7661 25134 6288 11665 27415 31864 46267 
647 3
49507 87072 24747 
34 38
75525 94727 94855 23436 69389 785 68498 4371 14492 76704 47649 14246 80810 72747 24877 87089 4157 30149 5062 16839 24136 88907 13262 36560 76123 16478 65888 76260 47333 25321 43889 93426 51573 61046 45046 6648 91132 82301 
143 23
85893 59662 44569 31257 23450 61337 53923 15267 5544 70570 45994 55093 96318 93896 78677 17112 68705 57468 90228 9204 90743 28924 87295 
206 4
44894 91526 56070 64015 
738 2
97858 16781 
912 1
75806 
652 38
86023 61447 47879 54919 7831 16536 71447 20122 90269 59165 8352 44322 419 66599 8748 84525 6061 22576 16944 79927 10174 96449 65857 25028 86852 55243 68820 81112 38618 89055 63202 9059 36584 49006 83056 33009 84216 11897 
367 2
60652 51359 
809 2
17691 15813 
88 1
87152 
781 76
76672 21634 75010 57090 36869 49541 26248 89992 94731 56588 95245 27024 56723 16533 94486 85658 30107 1821 19102 44831 64801 14626 27043 1186 55717 38818 49575 65191 30249 92072 67884 36525 79408 54450 49715 1587 51382 43958 82616 50364 3263 1088 26562 72899 12100 86341 37702 66760 48973 68223 719 69585 82130 12373 61910 72918 12632 46808 83929 61150 25567 77155 22756 72676 62822 76775 97770 56831 39921 9075 70900 27765 15863 86909 77950 86655 
585 12
25793 19331 55812 90822 39438 43409 2801 42550 88890 48795 90206 18111 
430 5
43694 13786 60923 45693 71647 
58 3
70872 63173 57679 
381 21
38403 22023 83463 47369 32526 71829 56860 41504 4016 63794 38709 39360 37313 35012 58954 57425 217 84443 25056 58978 25957 
145 10
26592 97923 10820 80261 40611 45353 23981 98642 57973 64380 
203 1
8253 
92 17
89985 1282 38652 78437 96168 34764 25518 31535 91248 24849 11632 58906 92024 18841 3578 33628 36798 
179 17
81214 30046 67874 66371 46466 40384 56328 74953 73516 58959 46419 94420 74773 53080 96828 3102 28223 
397 6
78369 6786 59247 28305 62549 82008 
675 4
87928 6490 64891 88268 
708 5
46213 77864 94728 97524 43965 
178 2
99208 50295 
695 9
38080 15010 72132 32261 96036 65288 18187 41004 61375 
718 2
22484 8319 
717 12
47458 15299 78758 72231 50505 23244 57620 41950 16277 30613 39962 90942 
376 10
93952 25059 39718 6696 26397 61228 20623 18805 65241 63997 
71 8
76327 69098 24011 65101 91473 25526 15066 31646 
756 1
43970 
174 68
16132 80006 52998 22029 93583 21905 89365 49814 11798 90652 34334 5279 15136 58148 41766 17579 16172 35374 9775 79921 14769 54195 55090 53173 83638 64954 81596 53824 44280 97528 60227 85441 57157 96455 39880 22345 76362 41036 16589 20088 24397 41296 44369 36434 20820 52308 30806 66263 3543 98266 99931 30815 4832 26722 94691 93796 44923 87015 90472 58344 46955 46956 14061 57333 83191 95480 26107 65788 
404 30
86408 42249 61845 28309 50584 32282 1947 42495 83886 22066 54963 37301 21943 80572 10559 29383 84046 26321 88659 89427 14039 71768 59354 47327 84962 77540 76276 56566 67065 18815 
658 5
97025 95118 71413 26774 20509 
295 5
8163 68014 1649 89780 51545 
269 15
82017 80069 78277 16426 76651 73741 44174 96751 55023 38863 11645 62486 19096 13149 95677 
189 5
42627 23047 94705 8280 87839 
720 4
69509 68852 63293 64750 
103 2
91548 35589 
810 36
28934 98568 36616 84108 2316 50573 37649 4244 5528 41244 22428 19742 56993 58658 74019 79785 24365 27570 64052 49981 42820 77512 59468 5468 21853 87519 87267 53735 20071 63596 26350 97521 81142 45047 80380 24957 
285 2
42945 75739 
771 11
74690 33765 64715 79595 60333 33038 36241 77682 4340 19448 61913 
426 2
43427 9589 
539 23
35205 61322 69132 52132 98856 87464 59305 41137 41144 4156 26816 39106 46147 35793 7255 10340 19300 37222 40174 61807 28659 43894 24316 
434 24
86784 98697 43158 52630 44823 94748 89376 3236 1061 94246 96827 59722 54221 46677 76759 70362 59098 91366 51046 89320 91888 95857 52597 70910 
187 34
34178 23044 95238 88841 91277 75149 97174 41114 94495 44705 16941 86321 44467 33844 98357 17846 954 92219 95560 33104 84693 8918 64728 26328 61787 20955 10086 26087 37225 58095 33651 28148 49653 1651 
205 7
47330 95014 66096 98928 40275 87064 47294 
674 6
71712 48937 56555 25136 25749 24536 
709 1
60799 
879 51
28418 32387 48771 89350 99463 53647 12306 47252 90261 29717 93206 93333 95382 63899 34207 48417 92452 18981 58533 89256 11694 99120 45617 78769 12595 81720 75838 99007 13502 3390 55748 78793 77139 85462 53976 71385 44637 40799 23776 94951 2408 23783 49514 75111 78575 47989 59766 43769 73339 27516 35198 
910 34
54272 4487 38151 66320 39324 98605 85678 93111 15290 4539 71356 44094 37696 706 53449 47436 75212 85199 93905 11474 20951 31063 69592 92635 66267 61278 92639 30177 39267 14566 78825 23278 48631 80766 
280 69
65152 26757 97158 63496 17418 95755 32908 9357 36491 65679 50319 44177 31122 20882 98452 13589 91924 21911 97304 16149 3354 10267 73628 8606 28448 71842 17058 91940 80806 29738 73514 71090 19507 37173 44342 66231 35896 57014 26938 79162 11710 22206 80194 56520 8014 92881 44754 14675 26708 18263 13146 36061 44002 49251 74980 10600 7656 67820 67180 14702 46831 71153 79602 52471 94712 30844 82813 80382 31999 
712 54
97922 90115 74243 7303 27144 79113 32263 31883 50315 59127 99854 92559 92432 66192 11030 32795 89244 6173 10398 56349 46364 38687 17314 35367 25000 10919 19751 44715 54444 52528 14079 40117 4021 51132 43967 95425 13894 84174 84945 5211 17884 40797 11362 83431 84073 84587 50032 89969 51701 1527 67704 67961 16763 75263 
519 4
51824 32339 19612 11095 
974 3
86905 39371 44636 
747 14
60707 33828 4741 88327 21351 59337 77137 74226 19889 97715 82166 47415 9753 58654 
351 4
35910 3932 86997 29182 
228 1
33033 
873 15
15426 66691 55461 24267 48398 88815 54127 1520 31154 34962 65043 87573 88728 79004 63423 
822 20
54279 47762 20634 2724 81707 57904 41907 94399 50762 73550 66391 49880 56799 70758 71400 73194 49907 62451 35574 83192 
154 7
98 16772 8967 91338 52303 50227 17819 
388 5
12290 54535 81031 4248 12537 
72 2
98411 37180 
856 51
98307 85635 71175 54152 10119 91022 13563 6672 77973 27285 94871 58648 31133 48285 66082 52514 75051 40492 50479 49588 5823 67138 99779 43844 48200 37453 68942 63437 53590 6614 95064 84825 50008 14427 34780 62047 1760 98529 7393 67811 75744 73573 90598 58215 67439 17905 56179 38389 55287 47736 35067 
617 12
25058 56227 79587 73322 19563 85680 54452 35125 79031 32313 30491 1500 
767 1
11315 
486 25
52865 16535 81304 40727 83737 93214 29613 6574 67889 29235 71350 92088 45370 70846 94015 82502 98892 39889 6629 98536 54381 57455 35575 77944 47359 
371 23
59396 48133 58630 29711 23446 49591 71995 56765 94272 98113 61126 80076 34125 1110 84439 38233 9439 77025 8803 85864 39923 63608 12155 
237 11
91622 52587 32269 92013 17263 45456 78576 5977 37849 30301 36158 
184 1
66190 
227 27
60292 68486 57870 89870 63506 61458 99103 32289 3114 45227 23469 69047 33341 94278 6603 24396 54735 43345 89046 54247 81129 68081 15475 16756 63607 73338 6524 
48 14
58338 48675 11720 24206 55695 39313 56370 70678 58939 64377 44314 90619 75037 56927 
587 3
5266 82146 25269 
783 3
98291 49173 82223 
600 1
72428 
368 44
22916 63876 76550 46076 25102 43282 1558 27547 84764 96670 5534 9888 39585 1830 15019 29486 28987 99515 9659 18496 25282 83397 92231 14543 53328 39379 64211 14293 83670 69208 68441 61788 3557 57196 76912 59120 48115 25207 65528 16505 42231 764 17917 66558 
804 2
95536 37089 
982 18
85666 68515 97060 17416 93100 78447 15247 78961 23951 76787 22580 54547 49718 8470 13723 9878 95738 70331 
338 1
82311 
989 1
95959 
827 14
17154 81411 42572 47663 62000 2895 9233 35027 25557 61495 75256 46073 78426 84862 
956 43
74115 65928 16267 18060 71825 19601 85779 40344 99993 68384 77345 97829 61222 81830 94508 86329 50492 72636 40125 73405 42685 19137 57025 707 68675 7749 19015 37706 56783 32335 3537 44508 14688 20581 88037 74344 71272 44906 65005 79982 40438 61303 36473 
751 43
79878 59654 97928 45836 25106 52370 28949 667 54684 59678 71456 18472 94760 47277 25389 52399 71858 84275 3639 69049 91464 29003 84813 77520 81402 56791 19162 6237 1373 53727 49888 10467 10468 42851 53351 73704 63726 35570 19959 80634 73723 42748 46462 
263 7
51233 13571 99176 16009 60777 61077 53149 
363 7
11013 37061 90183 42505 9642 16270 6810 
424 1
40099 
883 95
65540 12294 4107 24588 47138 47656 70703 57395 43064 47672 16443 33343 71 72268 35414 37984 89701 41073 31351 89208 75387 84608 36995 75912 12938 22156 52881 94360 85152 98982 18614 57015 73401 48828 60094 84159 84676 37572 14546 96986 45278 92386 35043 2795 9970 31987 61686 65294 11553 64295 19761 85299 44341 52024 25409 5956 70487 21851 42332 25441 37220 6503 37735 9576 23409 88946 59763 74113 70018 34179 28039 10127 20901 31141 73643 6060 85939 44474 17851 84419 22468 6604 45011 9175 23003 28635 31710 41951 97768 85994 83438 83443 53749 7671 9721 
899 17
32928 57504 72928 8001 72999 70634 41995 91339 73166 26063 22127 98613 6966 78551 29948 63837 99262 
315 12
22338 4334 78036 65589 5108 91188 5557 40089 35290 24924 30909 20703 
56 4
52768 70882 1355 86022 
3 4
61505 93898 31171 99814 
737 4
81139 26612 55806 30470 
25 4
95584 7281 87921 4348 
716 26
131 6920 96394 58001 94866 55961 62499 690 22837 48182 80568 96448 53954 46916 27464 62412 53200 21845 90465 29415 80234 95850 77683 80885 82424 87418 
653 18
12960 21793 18339 20356 62954 45195 57308 10605 95342 25649 57201 42994 87799 78136 34649 71516 75357 78782 
418 3
49769 38994 81439 
762 14
78691 20677 63272 75210 2988 40013 5901 12720 76625 14610 12214 81175 29177 99962 
757 7
73217 89154 14020 72297 60848 88241 5144 
272 1
13599 
581 48
64128 32128 18048 1921 82308 81412 93832 74902 25239 17562 69148 7710 42400 17703 69415 6442 96555 98986 95916 20394 39472 59443 93241 19258 49979 49340 57790 67009 89160 99912 16970 49100 15437 32207 24273 45524 58582 92887 53975 21719 71005 99554 98917 87910 93673 75883 48376 2554 
427 16
86627 76547 3141 45132 93772 19086 83577 20114 77458 58036 67637 89906 56408 409 59258 47870 
980 1
22223 
158 40
44032 79873 24961 10251 48267 86541 42124 66834 10137 2720 75809 12322 18979 95265 36004 47398 18082 1698 4913 88242 51763 72883 14903 26680 55480 23874 69111 66377 38865 8403 87508 84065 33889 8168 99946 26352 20853 23927 10872 35963 
52 29
39304 32392 17804 19726 63377 57238 96412 31134 37296 80560 19000 53820 68669 5692 56902 62791 81610 80587 24522 56909 31054 79820 63190 6365 49375 59880 49650 11638 60666 
821 3
32592 85241 73749 
83 41
38658 67588 62469 79492 52873 16020 77845 96277 99606 19864 44190 52259 76965 98854 12583 60328 68529 4018 60535 81847 48448 73025 69954 45765 45385 23243 17869 42831 39888 42451 57557 48216 19548 28380 58214 98282 18672 82549 94838 99190 74999 
654 30
82178 26247 26889 26251 92687 50961 55837 35236 66084 62375 31788 5678 17713 91462 62667 63057 978 56276 93652 67433 20714 67819 68844 61166 21359 26225 18034 77554 77556 85502 
495 26
67203 36228 88965 96655 22288 14353 66321 56087 38170 58274 9252 3755 93104 29876 95292 36046 18130 64085 68821 71767 41181 27105 97259 56185 20860 44031 
805 1
20897 
441 75
46720 3457 43906 68994 57217 23943 15625 73102 96527 6928 39697 87188 55317 82967 7575 54938 30749 66078 31007 291 2983 74025 56106 95787 30507 48046 88623 54576 67761 72629 84022 34871 52536 20793 13750 87099 93749 93879 3006 89783 31992 57020 86338 94016 67140 25413 30276 83779 64712 12361 81736 48081 99922 41684 78553 34396 81884 61922 66020 31077 20068 51943 73318 56426 84075 98161 9076 34292 14068 24566 10744 378 72701 92286 51071 
151 72
18433 27265 29826 55173 37510 97164 13326 67599 18295 56081 80019 32405 11032 85145 7834 76315 12315 69916 3231 96930 59683 70567 12329 69419 85036 37037 68141 52913 1078 88887 21815 46650 45499 11195 17340 94141 66627 87875 80837 49606 27897 53064 99529 2891 45006 10190 37716 8533 40021 34006 19676 3037 5476 48358 7527 39018 59754 65532 76656 19185 20978 40957 34932 88436 98804 13300 39924 48373 17660 57085 95614 41471 
339 4
86394 82938 13020 27510 
916 12
58857 75708 92973 41275 42258 94033 73236 73268 69630 52603 36732 12702 
334 40
38031 85519 81169 31634 75284 2723 55204 2085 17189 36522 69039 560 66993 35645 14922 47691 52299 68811 60874 60112 55765 64088 68440 36568 62043 64989 45282 14951 55784 97001 72553 22763 79980 90859 18798 18544 48241 79731 9333 80631 
722 14
97729 97156 70437 72005 82759 62501 92459 16011 39598 7022 48113 40696 20635 9788 
453 2
23736 99717 
728 6
40035 70735 12914 24052 72631 94682 
408 2
33682 38455 
605 79
13337 25128 12844 64046 75828 22070 67648 25154 28741 52811 36439 63590 99439 53361 57970 75381 74364 40064 62088 52366 13471 91295 20131 53931 684 7342 80049 68787 53952 62153 24272 32984 13528 58075 78562 97507 72931 8423 43763 49400 75002 55546 74497 51459 13060 68876 39700 78113 41260 13621 19260 62268 66370 40788 4443 4444 66396 45925 79209 53113 50046 5014 6572 70583 82360 63930 85946 95167 20420 70600 29648 53728 92644 25576 53233 33779 75763 51191 87033 
826 22
20739 86661 80901 84885 49049 17440 82852 90920 87604 45249 63826 15571 36950 41945 89567 91743 54636 75885 92909 98671 84213 81400 
464 5
74055 46355 94484 34072 94524 
872 1
25728 
122 64
25344 2050 14598 70663 43916 55180 24722 90388 55958 99735 13976 90394 58650 97692 49566 95266 55843 16035 8229 33701 62119 3237 15913 92970 77995 2224 99634 56500 78389 90294 61878 46516 75833 22452 5179 55868 87613 3136 10049 68435 32600 858 93658 11101 98912 12385 17248 68450 47844 90469 17510 57703 24808 65641 15722 67691 1388 60653 37486 42603 59114 45817 33403 87934 
240 2
73036 96599 
257 2
86873 61314 
598 51
22528 40705 87043 63364 5637 17158 42502 26512 98321 77203 98069 3989 40218 98843 72348 5403 85158 9511 21165 63662 48686 36784 45746 35907 8775 19400 31437 27726 90322 69970 54738 82645 73172 3922 41689 50777 36570 36702 9568 70625 13281 15206 10343 78440 17382 96878 42095 79347 6644 28156 9853 
224 7
30369 94065 69715 26100 8891 94173 68799 
855 14
46112 78724 87396 13861 26792 75752 18316 17582 58365 34197 62230 91382 93149 54206 
779 17
41059 45606 39782 76871 6985 28137 59110 83404 14252 24248 8783 94608 68145 64082 34543 33816 29721 
435 10
93216 48256 35049 93449 83277 97999 46225 53522 82741 52824 
576 1
75416 
311 1
81235 
705 16
79138 95715 42308 873 22730 16938 14540 70029 42698 71599 86960 53876 52213 91861 83355 78174 
962 7
88835 96330 74765 86256 24179 13205 58614 
650 1
16385 
325 17
93827 18532 84548 92965 68263 46472 52872 83212 99631 2897 24979 27348 55541 72564 15800 76217 83359 
512 2
68817 11397 
389 1
77724 
329 37
58114 3848 907 37646 655 80910 89882 56476 24223 61345 53666 5156 67750 23208 9896 45109 83894 12601 74688 78657 90434 20291 91849 38604 26574 1234 25309 45024 37986 43747 20326 6633 71405 86773 3451 80254 34943 
688 22
50945 1666 80648 71048 98590 88359 77992 32951 42046 64196 85067 62668 87373 69451 34768 11227 43872 61418 88812 13804 69491 18424 
835 5
15557 75945 24526 30800 38454 
852 3
55443 96148 98260 
318 3
33296 93745 71719 
235 1
46763 
911 14
68960 62275 49991 58247 93911 43403 34350 67759 12561 15858 22902 2679 25849 49791 
920 10
14337 51334 98471 91558 89385 82127 3356 88346 29436 9117 
867 4
70744 77672 47261 39014 
959 42
86400 28034 75779 53133 55054 32399 55182 28819 10133 67993 97949 78494 40736 92578 77090 40613 57385 13227 83760 68275 49465 66623 92481 43718 91206 97480 75592 93134 12495 50385 11351 37208 95579 57310 91487 76257 82022 91499 33013 72309 61815 81021 
361 6
98055 70447 51023 8600 13145 86782 
356 40
43010 53636 89099 89485 44302 44558 67857 29205 47897 35103 75681 44195 16680 14378 14510 90415 58926 75315 2996 94132 83895 48314 55485 64961 78532 87372 30680 56573 74204 79068 95460 98149 80237 17648 17650 53107 36982 31868 98813 81919 
505 3
29056 87365 9198 
167 2
19896 61004 
754 1
99154 
395 19
6543 96145 98963 76571 95400 50344 950 67642 23613 80965 62921 13004 81870 69074 26323 42078 12895 42474 33388 
591 83
81409 28162 48642 9231 37921 34853 69157 65062 30254 88625 64054 4665 11833 57411 43588 19523 83530 48717 73812 14944 95842 88163 26211 33899 35954 70774 39551 2176 2702 11409 64659 74399 54946 58021 73396 87732 27320 64187 63169 91847 33483 51404 43730 83666 87780 27882 15603 85235 85240 17673 35602 22811 41250 33582 25408 21315 72008 9546 71502 31585 71521 68973 74609 99698 22405 43936 7078 25002 66477 44472 85944 89041 10194 70617 41434 52188 97247 36323 11760 84977 4594 37876 87544 
190 37
70919 8332 98191 88208 85908 33047 88985 22944 70690 57379 16290 40233 27563 99246 27055 92340 88245 75452 75457 77258 80588 89933 57166 93775 61007 58705 69199 95187 85 51157 34651 67932 35165 5734 25713 80627 82683 
612 20
52230 53642 49178 71325 39075 98469 11953 54714 45122 70221 98898 71136 13283 55020 71664 54898 11508 87419 765 12030 
232 9
60769 16133 29160 37560 40688 91220 67220 50422 95000 
871 3
71304 29051 76188 
268 1
8895 
413 54
11266 43398 84870 59528 87433 17165 37901 30867 51095 44057 29211 62622 24224 76970 35630 85807 68344 67502 91826 21046 55355 80699 36931 86211 13251 3527 67401 6988 48206 66895 71119 23123 22485 11222 39384 63576 62298 97753 54110 88416 34276 69350 13927 24168 2409 92650 71655 82285 77811 23285 74104 4985 45819 79485 
491 18
5915 52737 66594 70666 41259 35819 19916 97583 97712 84081 78545 79282 83408 69299 82455 41401 11803 98142 
535 82
90626 44549 1030 81419 62988 2062 89113 95773 94751 24097 53793 53282 23585 74295 95297 40006 50248 32329 56907 29779 68182 16475 15963 46684 66660 93290 78958 81009 50812 52351 6286 43672 2201 98459 51873 73379 24742 69286 55465 29871 55992 72380 89796 26316 37070 30927 7385 39935 39133 64733 1777 33014 52993 56067 73498 13597 99615 64288 93480 8501 45367 55095 71480 28479 26945 59202 59715 37723 21922 95142 14762 28587 58800 83385 43452 34749 17361 1498 30173 25573 39400 29695 
93 36
69249 81033 40202 79755 61068 40209 57492 44181 56854 14231 56988 28062 18335 1450 7854 21435 2238 22596 56388 27465 44751 70865 49105 74964 47582 43998 97761 68962 55524 94054 53354 35698 86133 99449 5627 22655 
640 6
37251 54758 31955 69332 7290 12893 
76 3
66424 24164 89445 
963 19
10628 25099 87831 79017 49067 55605 81466 13374 11081 92364 44749 50766 45007 62939 29151 20590 71796 78457 65786 
161 62
74754 69635 26116 74247 32520 57737 12555 15116 40974 82559 81558 40855 54296 21402 40732 33949 14884 35878 87550 15784 38822 36911 15024 51889 92342 23991 77625 41786 36923 88638 7103 11711 5187 54468 64582 97606 52936 89033 11852 56397 87887 4945 49238 59227 83036 1119 4192 50145 37095 30185 47722 80109 27118 12909 43376 52340 85494 35448 80250 16764 66430 55935 
47 57
14082 87044 41738 97290 82319 90768 59665 13199 15504 47767 23192 80410 99226 4256 80928 34723 87460 16037 54824 87679 1714 66611 31284 28469 10295 12987 29371 27965 13246 7488 2501 24263 80586 26319 10065 75859 38486 14424 45272 48729 24410 95457 1510 11111 46567 81642 8939 37613 44656 32499 69878 13430 55158 47482 54139 40316 4351 
673 4
44072 45805 43458 16829 
905 74
98432 66944 95368 8586 66698 16269 32400 28054 89881 48411 32284 83740 4254 85023 43810 24227 22693 16422 43941 76712 60843 16045 20146 49462 11319 96698 54458 82237 48577 56897 69700 17608 27977 75337 14152 87756 6089 52302 84178 93523 66900 91987 9687 78168 31960 15960 52187 25819 52953 12511 26207 82529 71524 24677 65895 12647 71015 84970 73065 12396 46697 26346 81644 52080 78065 68337 47986 23412 36212 46579 94078 69619 56316 70014 
765 25
39309 34831 39068 95397 73513 2733 33203 21940 49853 70847 12609 71243 69457 3291 3035 86112 39910 56680 22248 77933 39791 54383 86900 3576 70398 
90 40
37380 79239 85129 55050 55698 63642 80666 48677 87979 91308 83373 49970 7475 80693 25782 38071 80952 88505 4031 6082 77643 90316 38480 17875 26587 47580 97501 52448 15977 97514 29547 15726 89457 35826 60787 47732 76405 33145 8058 93310 
943 60
30976 72835 80260 14218 93327 12305 62614 16407 65046 12954 23323 32794 60059 59385 86309 71078 38952 64296 2346 40234 18350 87344 14261 64567 20153 79165 60739 37189 95301 57543 63562 68170 15179 54347 28153 63050 55244 85625 42959 19797 61013 53465 43104 62945 55396 30053 60394 34410 41324 75503 48114 37875 32242 9973 9846 52983 15864 35705 7037 81023 
991 13
9248 42304 90210 82595 38525 50664 2426 40590 69432 58809 33018 13245 32606 
684 2
37579 34455 
562 74
44802 49155 69892 11268 71556 59912 46986 43788 4237 86542 60302 27918 20881 87440 50832 43668 94100 66966 35865 62747 4892 7581 1437 85660 90402 60706 51236 51243 33323 79788 81839 23088 43442 697 42426 41151 96831 3007 65602 90691 19397 55109 32709 14281 58315 51148 23758 31443 50516 27098 89179 9947 14557 96223 55392 6240 80097 5473 27877 54246 91497 7274 86891 93950 4975 14064 96239 54132 62324 54644 64631 66936 75515 76414 
133 70
24449 52738 42755 62840 81925 30327 22665 35337 94221 93968 38290 50578 99222 27800 63898 45850 15646 77727 50209 40228 91301 97702 82859 56622 9903 30512 81334 41274 35389 67901 78013 65088 3776 53826 69699 94403 33605 94147 34120 63818 58320 28497 13394 4819 88151 60377 2906 83931 32222 61024 56037 40293 13033 42601 83817 83695 72816 16881 26866 99057 86898 47861 17268 61043 95096 34419 86906 83828 42237 90495 
119 1
79625 
477 11
40033 74882 21991 42855 48813 66128 46513 4693 79514 83422 48159 
967 3
77488 85923 692 
245 1
16372 
490 1
41358 
478 9
82181 65509 2059 7628 88463 98512 17777 71280 345 
191 12
73953 9731 32676 95914 94091 24332 34957 13389 6223 19379 59093 27675 
533 17
53921 11841 26497 91013 31174 94151 21736 18406 8749 35639 77871 52051 3283 76565 4439 86745 62815 
572 13
65890 59524 5960 98665 23860 38357 15446 16951 72025 12123 25948 58013 67641 
215 2
55544 85898 
845 1
46204 
195 1
77956 
372 12
16128 37762 22083 52965 54022 34855 52168 83015 29553 61971 77369 23994 
907 14
39009 98884 33732 27590 95209 18506 95499 69263 94321 35796 38261 22326 53882 16095 
698 9
42499 52196 79302 48838 1862 29840 93237 26780 58207 
322 2
78948 45885 
238 1
96344 
357 81
66564 68104 44553 59405 58381 99346 35877 97320 88624 48177 95285 95288 48188 86589 41023 99401 79946 60489 69193 28771 99942 49798 69768 6285 7825 88212 21159 80043 16559 95409 47803 7358 66762 73427 84701 23774 28384 92387 66278 98025 6381 36603 6399 97546 55061 97053 31524 91944 31533 53552 66864 44852 86354 85844 34133 77659 50011 17766 67952 49538 75654 91023 59813 6053 42923 35247 76719 17843 23477 14784 57284 89542 56268 473 18908 17373 90593 62434 93165 60400 61944 
45 19
70924 88078 41487 47504 71698 22168 41372 23201 3886 40754 53046 1208 81471 95705 42979 22639 34545 43508 15606 
6 3
73333 97458 18509 
375 4
76680 99389 75748 80461 
778 1
48198 
606 44
128 13185 39046 3974 54280 85000 85386 91917 85781 69911 36254 49568 56228 12335 53168 34865 55731 86196 51895 93368 56504 59711 38217 56522 99662 3663 9934 55761 60626 14932 78165 35672 26713 93791 16480 13549 5230 58607 28142 2161 16882 4983 37497 81405 
761 84
28688 61974 77849 52781 58938 99899 3135 28736 41537 78919 16466 75348 72283 57947 81500 56417 34405 88678 41576 60525 74863 21117 71294 46207 66688 21128 61065 12426 78999 22682 49825 2233 75461 20170 69838 85201 1239 22234 28891 30429 67294 26852 73445 54505 6890 43762 49910 27895 62714 3854 46356 22311 91443 5941 37178 3395 32581 1866 53588 35164 53100 19314 67958 49014 15742 46471 75154 58264 56736 62376 91567 10673 51642 58810 75199 98252 79313 17364 7131 64484 67044 32740 52200 12792 
887 30
84096 27011 66955 29583 5520 72465 87196 68127 71711 28069 62763 3499 58417 80052 74037 38583 91583 25025 83655 43336 92631 75487 3552 35171 62442 86635 60907 71408 86771 59379 
930 10
51297 27107 15651 39558 81639 49292 71346 83768 96949 90776 
33 6
11079 42251 4656 7987 50684 98495 
162 4
46432 89217 68299 76519 
556 112
54277 26119 72713 33292 11807 53280 26662 37938 47160 25145 19008 8258 63047 94794 71247 59985 86 8282 29791 13410 83555 16492 18541 62063 68212 82039 98939 10363 35968 35971 76945 20113 7316 35990 22170 3229 17065 73898 94388 11965 51391 31423 58560 94416 7889 85202 27352 57566 70881 61155 45800 70379 25836 35055 42737 3838 8450 68359 21767 49420 17687 19739 67868 35616 61224 43818 35116 57136 62260 91960 96068 89929 11595 46411 62286 24399 50012 70505 88427 28527 47992 47486 10111 20873 22924 70038 94105 27546 94619 79772 16798 37793 70565 3496 61865 12203 69037 17839 88497 87987 87486 14787 7109 40920 69082 31717 12775 99305 68585 31729 96245 82937 
601 1
53623 
999 102
65537 94209 1540 30212 69129 15887 27676 66597 69673 27690 15406 67118 63544 54852 49222 5193 59491 20075 26733 55408 68728 50297 42619 55436 47768 36024 91326 18110 27337 77521 41170 22739 99551 88288 96992 98019 72936 92397 24814 55025 45812 71925 65276 58109 64769 24327 37130 91914 57612 21776 73489 68882 52499 23320 49435 87325 56607 97062 87339 53549 77111 57657 39741 66367 74563 27461 7495 20298 24403 4437 62812 23900 50529 38755 61292 370 10612 56181 27008 22418 79765 99739 96156 63903 87977 20906 16819 84413 57280 81863 5066 26067 70104 8160 23522 51695 1522 30194 37365 21493 93687 67583 
135 3
98256 21865 61950 
91 25
42241 96773 5126 16903 57992 24337 36755 6292 87447 6935 70425 93847 15773 67614 293 3626 177 28084 57660 25536 68168 61642 57183 84324 61434 
8 26
79618 77829 49425 46739 54682 69532 48034 56230 99494 65578 1465 90427 77374 94785 72770 50890 59476 89686 37083 49631 32607 74849 77926 99434 94076 79359 
410 3
29290 72915 90863 
192 1
85790 
925 26
78850 67074 1412 8076 58766 94357 45207 36764 11042 96419 953 95813 61261 84686 7126 3294 87648 25316 94181 98918 51815 71145 23146 63344 93434 45055 
360 9
72420 44260 48742 66122 84491 26122 93102 76691 70388 
271 7
70240 13288 50123 9483 99761 90392 88827 
693 3
25529 52109 86174 
638 3
55040 95429 94117 
301 1
36523 
780 51
57344 74369 58369 70275 26123 66188 34444 97294 8719 86546 41874 84500 70041 51482 45211 54169 48669 86558 10910 32410 54562 98083 69540 20651 63357 72369 25016 81593 15420 11457 22209 92227 36549 1736 87243 15694 24016 5201 15827 56917 78934 32729 89434 33755 71905 45666 613 33126 28398 78319 92797 
627 29
95744 50178 17027 1671 39434 69644 38668 94875 12961 99622 81961 10281 8491 15658 15534 95794 93370 189 93118 11973 1640 61673 93164 51567 17649 95476 61561 56187 10495 
403 4
12182 49228 47636 87382 
854 36
44544 31489 38404 46343 76681 7689 72214 37271 2583 26781 65057 65572 56362 10162 33331 47414 17080 2489 11709 22849 67905 76922 94665 85709 71256 70238 19551 3550 9315 228 27625 44651 35828 14583 41720 98938 
750 12
73346 95204 19493 19304 2633 48137 67339 75561 28722 45748 86840 32730 
297 9
64134 64966 19409 4084 74965 46233 13594 41020 26655 
489 6
17830 16857 41869 61522 91092 4697 
378 1
32407 
853 19
3208 36242 24470 87192 3871 11168 78503 47154 95929 6208 66381 98271 22751 30570 88939 69103 57199 91249 12924 
784 2
11226 51795 
267 110
75264 13313 19458 33286 21520 24081 99354 9244 42020 7721 63018 57909 38453 23607 87611 69 2118 52805 97352 79443 1627 79452 95328 21604 11879 11882 99435 10864 45680 19057 17014 125 68740 92295 23189 73880 29341 12959 56480 46752 84136 98475 31406 62129 60083 47799 99511 82621 74432 59590 71878 86215 63175 79566 35538 77525 78046 3296 47842 51430 21735 4841 69866 67818 19181 9976 13050 5896 84243 69404 19234 69420 28464 69942 12088 20806 84298 90975 58213 29032 29041 11121 74101 82805 77691 78727 5009 39317 54167 66967 43420 87457 65960 59324 32190 30656 55749 9160 60873 21961 89546 55245 24021 36841 91629 8689 55793 54267 92669 53759 
704 24
82562 52743 80661 16151 18077 47646 25759 82851 92968 64307 76982 80956 54086 64841 9802 67278 55772 10974 63583 43493 74990 85623 34297 255 
548 12
10307 57402 91848 44727 92140 27981 92624 56469 21623 25912 61466 68895 
326 5
20452 57253 76202 16125 11103 
932 5
85706 52907 58324 55901 13823 
494 22
72966 23316 40983 84633 84261 21418 96304 81328 79669 30781 23364 2629 33102 93649 67798 75480 96101 52075 37997 83579 56572 18431 
406 2
78587 33695 
484 6
41025 15521 34212 16022 36345 4059 
77 6
35361 33646 11155 30324 26458 62942 
95 3
54443 29550 17643 
421 1
80058 
836 23
76933 97799 11401 22037 20630 66852 43430 97960 68139 85932 97071 50737 74034 41655 25018 31166 82120 42326 37848 47203 69477 83181 88439 
7 7
49889 56997 18991 23187 51032 89785 89470 
721 1
77813 
335 2
36348 96757 
661 1
62374 
812 3
58571 33390 3159 
713 49
97028 63625 74764 15630 58255 19731 31893 75546 9245 79904 29216 31653 86703 43440 6321 46390 44600 95289 76608 6081 56002 52419 42818 84939 33484 95822 35152 68306 89298 68565 10197 18523 32731 44511 49632 21347 84836 14437 79594 22635 61162 63981 62830 4080 21492 76278 53498 81660 72702 
14 6
15712 91114 84042 8876 74026 5652 
831 3
94096 50116 4214 
843 2
40834 57532 
528 20
10624 57346 92173 88207 38416 83752 47148 99116 95542 29370 31042 43211 11861 95322 26205 20582 66410 5099 50927 20979 
981 7
76928 71715 20200 2442 15984 33939 27189 
976 3
57220 2658 50308 
986 4
2864 49796 46806 21976 
558 62
96512 35715 43397 62586 75015 13835 25740 44300 91532 66833 89363 17787 84501 86807 19866 67228 40990 61092 46758 20521 80558 50734 58288 61358 10160 54070 46902 66233 8890 91449 67130 74177 60738 45893 95303 99400 51017 52300 68174 30928 41172 5844 49366 89946 44251 72414 12127 11745 4323 10597 869 47721 74857 25839 3696 29681 8565 23157 82298 75003 43772 45566 
978 32
1674 3728 95506 3094 99481 4507 67113 60842 12843 75306 46515 96695 56634 32063 31808 76997 47180 41932 59598 56524 98513 38610 14935 51678 27880 81513 30954 48875 49772 57320 12266 47356 
760 7
16069 72367 52658 70771 23380 54517 65973 
358 93
9221 522 58382 78370 58408 82474 75819 97835 20013 80943 96317 74304 36930 8259 26692 26696 30798 86110 25182 40543 7272 30315 79983 83571 45692 25217 43143 51853 84629 74909 93859 55981 72390 92361 37069 68302 10461 45283 77035 67823 39153 4347 23810 65801 59661 9998 83216 95509 20245 53021 38184 86828 65324 45360 63797 67384 29504 72001 75074 7492 10569 27467 95566 60240 40272 92499 90452 45924 65385 87405 37742 92539 83325 78208 35714 20355 11658 45479 23470 89520 9141 11703 68538 96188 94653 78784 57809 83927 80856 29673 16361 48108 87038 
931 81
32257 19467 29723 32292 35888 39996 65086 20042 74834 34386 93268 32343 86619 48732 86622 70239 40030 49777 91264 86146 50306 59531 35992 75929 84122 46254 25776 65716 99000 63162 1725 32971 15052 87760 25818 47835 8926 47365 17162 56587 99087 69408 84775 41776 79667 49977 32071 10061 85849 60249 44397 79229 75136 39306 51601 35729 73105 33689 6045 9121 72617 86953 75709 24001 85444 32198 99782 41416 19401 71111 58825 37339 49628 91103 70626 17890 5619 67575 97784 95739 83966 
222 65
87554 60419 91141 53386 19338 64783 13328 90257 79503 22932 3093 7703 35993 71453 94878 24607 63134 71718 24230 41128 39853 72239 33202 4915 34482 8885 39478 73527 55608 52153 34232 99387 13116 91579 63418 86848 83777 80962 36419 26436 12742 5190 7627 16716 47822 52304 6993 93906 68564 63062 82392 8027 57180 91997 8670 67940 31976 57578 96876 18800 23410 37112 41211 32125 44927 
100 17
38529 94531 96324 19812 41640 86760 81352 57803 82863 37694 6943 94293 12789 23540 99321 18590 69855 
102 2
31224 39025 
731 2
3668 88798 
292 2
19251 1326 
265 1
551 
115 7
56641 6243 80005 31978 6320 75666 38235 
165 46
72453 81541 37515 33549 17166 84758 2200 36251 71327 51872 97184 43043 92580 85542 23079 43815 93481 3882 18859 70061 29229 65072 81457 5938 8627 15158 76729 55363 58819 61770 43083 25290 74832 99281 71249 92508 39904 88930 3304 77548 79087 7408 46575 24431 28665 20218 
196 8
87320 24068 89924 21809 26771 28883 84151 1144 
553 4
19225 10890 90963 40622 
996 4
78820 67660 88990 3937 
568 44
60801 55557 80394 59787 56714 60938 34832 28818 93464 6040 45980 4380 34716 25247 12970 81066 58030 5679 32432 83377 5172 36277 80694 54330 81722 65729 56770 16195 12489 84297 48458 85196 24138 36174 10078 26213 46949 22889 9578 91118 25199 97145 53114 57599 
611 7
45989 48967 99883 41101 49396 49723 77467 
534 29
24067 60934 18444 73614 68239 82192 36756 66459 49564 88224 45733 58023 66216 45745 68416 70465 7106 56904 41678 38231 14046 1631 33888 60770 37223 7146 16634 51709 63103 
945 10
46433 66951 7242 73899 86549 9909 69528 49720 98076 99583 
542 72
22147 17540 10630 13831 30474 60941 73486 33046 36248 62236 29725 85661 74273 23073 91809 32804 15780 75046 34593 4906 95659 97709 9773 61359 66992 69810 24246 80439 67255 57 29881 41147 74044 99769 79292 48574 77889 64963 71876 24900 9798 95305 80842 26315 45900 95821 94031 54609 7251 34131 7895 5337 4826 66138 67545 12381 32224 85728 16482 70754 11492 80997 89317 20197 12648 25193 64744 13544 27883 38386 25845 17663 
298 48
29697 88201 62473 35979 85393 68755 84116 30485 83865 68250 72604 39197 26910 543 64415 81957 45477 15397 2217 41769 84778 22444 51373 33328 82869 26038 85690 15163 2625 27460 46149 54987 16076 68176 54610 18645 30422 94810 38496 58593 30692 39146 7147 30573 88687 46195 18934 58491 
977 80
5123 28683 81934 58895 17936 76307 80936 89642 22062 74806 6713 53832 43595 32331 90189 50268 98398 52319 6761 73321 44142 72310 76919 77430 76411 67198 42623 55425 19589 72839 56968 99986 37011 72856 47769 12958 77999 88753 79547 8381 63196 24801 62707 97021 93441 44290 92421 78597 24338 54053 15146 40235 39727 64311 1849 99647 59200 31044 74057 37711 65359 64337 99666 87905 15720 81263 54658 70533 64391 43400 37266 71061 22441 77232 87479 16828 18370 70607 98793 98809 
782 9
60928 52930 72166 46223 48982 31577 57628 80477 21983 
377 4
27544 43242 69022 31735 
882 1
17130 
682 54
14722 20098 16263 54920 52106 37136 94353 2321 50320 73616 17429 62103 25495 7192 76698 8603 47517 58397 68383 69535 87588 87461 98598 36136 81450 86830 82607 48436 95163 57788 59837 36926 83006 55617 86724 22600 39624 15949 99920 97365 67414 32087 24409 25436 61918 18783 13151 84452 51174 14311 43368 23669 68853 71038 
170 41
50432 1281 88323 34182 30732 97167 74003 7191 65307 7330 42915 5803 26411 8752 10930 67122 17972 68795 3133 46656 55873 40263 5962 29387 47181 82893 89682 2777 28121 63197 58341 93417 18666 8559 8305 50034 52210 80756 22901 72696 29951 
42 7
31008 14121 6891 23372 75218 66388 33017 
990 3
50746 71764 88356 
200 4
51844 44925 35444 41325 
788 1
37826 
571 8
77635 45252 92966 97518 60564 15068 64542 68543 
933 21
98573 42130 68499 28694 7844 79231 72635 9289 40267 59724 65743 23507 64383 18654 23650 95464 38635 16886 87160 86270 47999 
331 6
3684 16552 59981 756 57401 72761 
220 2
54833 65886 
955 75
30721 32898 14467 78467 58242 11393 30082 4491 61708 3473 51218 59669 64534 18327 10779 11549 70942 21279 35104 79134 92706 13218 89502 7718 16167 19625 16810 18987 62123 77099 41006 62890 97708 2097 51250 83626 65454 34740 33079 72247 52922 62396 37309 60991 65215 27329 74946 45507 52296 51144 48845 51534 38223 81742 59475 71636 94039 49753 85081 54238 60639 26464 57311 55655 35175 30697 50923 14705 72306 1650 96114 34550 74490 252 93309 
679 3
49529 80633 47958 
840 22
42254 17430 65688 46619 4891 46630 18343 91180 7980 44339 30395 43203 62662 20039 12362 79055 57939 94806 17251 85348 50408 75630 
279 9
58216 12233 10954 5870 93042 37303 13561 7196 3711 
744 1
97041 
278 2
63545 6799 
651 8
37505 48514 13518 57584 85104 3569 98109 93758 
383 62
75265 46721 83203 78729 73354 44684 33297 72722 18840 10907 72221 66846 36129 24356 2090 59306 89260 71594 4142 50607 45105 49330 69169 53 61622 4918 32183 20921 81462 65851 9531 32565 61247 51135 18114 25925 43591 54476 77391 29393 90706 29906 77011 48341 67027 8920 77658 13918 90981 25445 56957 12782 23279 54639 95089 37234 7154 16238 43253 40698 43004 37885 
642 1
34380 
626 4
78400 41761 84929 46775 
766 3
1827 9693 62198 
802 3
70794 11565 91470 
900 1
53898 
241 5
40356 68232 21325 37367 96859 
758 2
70513 58428 
384 2
32749 54397 
951 2
68377 12068 
231 8
79330 79555 88173 9006 44272 51891 38744 12318 
202 1
88996 
180 12
513 15172 57701 91781 65992 18347 64079 83188 7541 25814 23067 63036 
509 4
36545 77012 31164 71030 
80 65
13186 39172 46857 88714 28814 55694 44050 49939 19223 62361 16026 87962 63391 64289 21537 96291 48166 12967 95911 89641 14253 44846 15664 90545 21175 68664 55867 49854 72894 11072 76991 58559 83262 5445 78790 43975 52549 30538 31563 63568 52305 29138 91730 96086 10455 12503 49879 2903 72919 57821 95453 78433 42466 84838 80103 4200 89322 49516 49392 77684 40693 39034 20988 51453 32894 
748 26
49152 68227 61200 76314 51739 26405 57894 77223 96305 74546 99386 86972 62399 9936 61525 29269 17239 58839 986 18142 1000 18409 50288 19699 55155 34942 
676 20
91402 40214 96794 55452 27935 49456 29255 61768 88265 78794 66125 37326 33486 65236 56537 65373 92512 84068 38504 5744 
379 15
43456 91716 40101 4007 40584 86601 89867 53676 72844 85102 34226 15573 35130 47774 25791 
818 9
1464 17036 68204 81389 97332 51349 14902 98326 83286 
913 3
51712 53129 76071 
70 2
99039 19999 
594 1
91043 
29 45
31104 57216 72454 43782 78984 43785 82697 81555 53908 74272 80929 99745 73121 14243 86053 15408 73394 74675 56760 60984 58044 86845 74684 90693 65611 78028 39884 88146 36308 51672 49633 17378 85092 16869 83813 99047 83180 13294 6385 18546 85873 70772 20085 53752 62201 
323 13
60034 75588 59332 46797 99824 2737 98514 85137 91252 81362 53750 22389 52730 
55 2
32004 14806 
746 2
13746 37590 
97 100
48649 39440 3088 5648 77846 75289 49705 90666 63531 86573 97838 98863 13359 47666 79413 65078 59455 96323 44106 28754 87642 67165 32350 42085 14439 4728 30328 5245 50823 29832 89235 20631 57495 27801 67739 68766 52383 10419 57031 22217 45770 55500 38096 65239 85215 10474 86257 98548 27382 5895 92429 9493 5399 43296 52518 28454 64814 92976 38196 41270 25399 41287 9033 46925 67409 13138 68442 89438 28002 96611 97122 357 33637 74597 61801 25452 41865 8601 33178 22425 30619 15268 94119 76730 81853 47550 59326 28616 3529 46547 46037 49624 52185 57819 98780 70114 59875 35818 25068 19957 
442 54
64514 33159 92680 75401 85897 43019 39694 77585 69522 85524 42389 9621 13336 11416 58781 84001 29859 38948 57254 8105 35501 91694 75440 4150 73910 37048 55991 30396 50750 17217 89666 94021 51527 78281 34639 26960 71890 28888 86105 16600 82148 91621 49000 45290 29678 57839 60912 26478 90866 41075 23796 39158 50299 12158 
46 15
25817 35047 83368 44840 85549 83150 25616 33585 61970 12723 80788 33525 45753 8252 54653 
793 16
99168 74561 55586 51652 76613 96518 88263 47112 78246 4682 90795 73484 26409 37745 70291 59546 
504 2
9893 24671 
936 12
66566 58828 3150 28079 96913 29592 94902 37144 74779 34748 57822 51103 
123 4
19689 95338 85868 52663 
347 1
17796 
482 1
71581 
181 39
95105 79874 91270 62605 13709 30741 84502 35477 11288 40854 32026 17949 1569 37927 53933 20141 18863 2096 46260 21557 86966 53561 92603 76869 99142 1997 20049 91350 17880 79325 74462 26720 47073 4836 53989 58732 8816 50165 45943 
396 21
16394 20270 25278 68031 89024 4545 75715 82761 20687 96724 3156 94683 17501 69727 25192 24554 78317 65653 97143 4987 49407 
346 12
13793 44521 45484 91693 99054 63406 88337 34003 32885 14997 56918 36890 
546 6
66400 70786 70374 23561 93746 84798 
942 29
47107 87685 16019 27925 92958 38437 95526 63403 60076 31538 11187 27698 63672 20168 97227 90061 34896 59222 75483 33376 16229 15336 75368 6380 6126 63215 27122 83959 54015 
824 4
64504 5410 11871 60943 
537 1
93883 
588 31
50176 95620 34191 46616 23454 85662 11942 29737 63921 92466 78898 91828 38705 44473 95803 8897 11464 45002 17619 9819 49887 65761 21473 17633 28389 99823 99189 12534 95610 8958 91903 
28 11
18721 37539 5223 95177 65323 58028 61069 50450 24054 45082 57210 
294 7
53417 20877 8336 60497 72022 48632 99901 
536 1
56158 
336 56
87936 55046 4104 57741 52239 89105 55314 2451 66067 47510 29083 81057 65451 76462 87086 16176 79539 6070 50999 84796 58051 97991 86472 73208 14668 99020 70733 99788 7758 60753 51151 32084 47189 69977 11097 31835 88669 72030 43999 22110 54369 30562 21732 89190 66543 41712 25329 90993 89075 39796 41333 31094 10869 66550 79732 77821 
866 10
41984 30560 51682 21220 29221 34797 22194 22329 41562 54303 
282 7
51620 91275 30859 61036 58190 79284 10909 
432 66
5504 72833 14208 46595 15364 16257 29958 65410 16008 16261 48140 35854 23060 42260 29078 45336 59034 86299 24603 31645 73502 90143 96927 52767 29730 80037 47781 49830 92458 38955 32812 74027 6700 54958 98091 24753 73138 55607 40759 59962 38589 71613 26943 17727 63297 81607 96968 28234 22219 35022 38479 76114 50136 31323 38875 48224 30817 610 38754 60004 3300 55654 45552 17525 15094 41593 
921 15
547 37892 777 67017 96621 62126 7122 85715 8852 46841 17974 18137 87130 4379 49694 
998 9
42497 37730 78660 58726 28841 17067 18699 97613 8821 
858 9
22999 79415 38985 77194 89744 25716 44895 15191 46239 
786 10
56160 20458 7598 58354 67645 12916 52884 63798 53238 57629 
456 68
43778 2436 49797 91398 48519 33417 14346 93965 69902 56206 911 88082 71444 88727 35353 45466 57883 74906 93217 35873 61217 33191 9772 72755 49077 66230 26423 67000 74683 34235 51004 70718 10691 31939 7493 80710 81224 28360 44876 88141 6861 93646 75341 67408 92370 39380 57812 90965 96855 981 57561 36314 84827 50906 73684 23393 29666 73569 37477 29797 56550 89576 11753 88682 56933 56047 81908 28151 
903 1
3534 
64 34
16129 46082 12803 20367 22415 50962 9748 66199 36120 82074 51614 49569 32673 72739 82735 68154 82106 75840 47681 35279 5457 63958 85335 30166 31195 31071 52578 78569 23407 52591 46703 30575 33395 18812 
811 28
9362 15379 94749 38431 14112 52138 43692 51758 54448 42162 82361 45754 71231 91076 26440 91607 71260 98268 56930 31203 31459 8931 78821 359 619 2923 90989 80888 
488 7
44197 29966 16880 14673 59610 13275 93917 
842 2
98880 38207 
520 1
44536 
890 9
23971 49447 68077 30424 19890 68119 11864 73945 9211 
770 4
49160 76931 83912 47255 
670 62
19715 91396 261 52995 47761 38422 36376 54681 87965 91678 69279 89120 89253 94630 83372 76208 75185 88372 10807 4283 78652 91709 77502 61243 82881 57666 11075 17729 81737 4810 73803 60237 17616 73170 30290 19029 5599 13664 14434 69220 7525 79588 40935 44776 71785 67560 29419 492 55405 37230 19436 15856 59761 61310 40939 18417 75383 39032 99068 56701 47230 32383 
697 3
78560 17739 63756 
586 69
63488 4481 72192 9347 28544 96391 30599 74249 65416 31884 52496 59281 46098 54807 69016 53145 31770 3739 29212 27292 33822 48414 93852 18203 87843 59133 88619 6062 78511 2353 18738 54706 73911 72759 67455 45242 50619 51388 92159 48062 90431 49477 40904 95693 73683 75988 78557 98297 87521 89060 5098 57580 90349 97132 18671 50029 44400 23667 74228 90996 40179 71927 29940 36469 78586 22390 55677 63102 2815 
860 4
70913 5363 85718 9039 
407 49
67072 77057 38285 28689 53523 38163 5781 66582 1690 34204 30620 52254 98078 54048 30881 80295 10925 53294 97197 52149 82234 88891 1467 46142 44994 34633 48461 38862 81360 13649 95956 48853 82136 81498 27099 4829 2269 35423 71135 18269 18152 89450 97387 53099 5102 13558 90488 79097 30973 
613 12
81476 27463 88329 62381 66286 25135 99758 88913 78259 59540 20596 60351 
796 4
37458 8053 46062 67847 
988 35
29968 16657 94997 41112 79611 91683 68654 89009 1329 59956 25144 62521 36666 3517 54207 34495 3649 57541 99141 10824 21195 34252 15696 62930 85334 40919 96345 44392 16109 79216 78833 89076 40564 31099 40445 
683 10
61925 15083 3726 40623 52787 46995 30708 70806 22842 81690 
755 4
70720 41040 380 91926 
552 1
78931 
511 2
56725 14343 
134 12
59786 69516 14381 3373 71533 81807 80403 68979 2004 58038 47287 53405 
305 16
33153 69794 27649 34052 56839 24142 84976 81521 59220 88214 72023 41113 32154 17595 82653 24159 
17 4
52336 44738 93482 42847 
163 4
11793 93275 53477 36385 
946 1
38036 
582 14
36897 48707 2439 81447 8879 43154 38076 12278 62071 57465 2811 41852 55549 18911 
246 76
98048 91268 82565 21509 10116 77961 15113 21259 8973 26770 57619 14484 80532 23317 14999 4887 3092 75170 32678 60968 87465 20779 76715 94253 1323 84655 21168 64689 46002 44459 36395 11821 67374 65719 95671 28729 48945 38333 24125 95933 22720 62274 9027 66754 57669 12103 78536 61129 82506 11338 60746 89420 9167 3535 34767 84306 83028 24917 42582 88282 20397 95458 55139 44006 68456 20328 33642 48235 34412 60785 48499 43509 30969 20732 28925 30079 
348 3
69115 2924 871 
590 8
91490 79394 67451 13094 41902 98515 43195 6844 
284 15
77080 9860 72358 70280 69097 95114 33196 23724 79246 27217 43666 70323 26326 12536 92190 
439 9
56961 78630 6250 61164 13134 73520 24689 42428 62748 
514 5
41732 47046 88788 14454 88700 
726 1
31326 
593 71
80131 49412 74244 83844 92551 56711 78734 42896 62612 76054 37145 31258 50457 79644 20258 53411 803 76707 77478 58151 9128 17832 74923 17324 80557 87085 46253 59313 60467 63924 29109 28854 17334 70840 33976 30134 20148 2878 19777 42306 25155 9922 80839 29767 95949 82382 24398 57293 40658 55764 90069 10710 89558 74840 604 57309 5854 34023 54633 97898 9963 11758 51311 16623 58480 76530 46323 48248 77307 41084 22653 
740 11
61410 54499 19075 43268 38565 1959 91884 69936 51859 38906 28189 
787 8
91394 46563 70183 96907 41741 70005 37944 26940 
185 7
90850 12869 29897 23055 51954 40790 88698 
807 2
14834 71786 
644 41
68992 86660 52487 43402 89994 62732 92430 86932 29851 51484 79776 63265 42149 47143 39473 61876 16181 47159 23485 47044 32070 82119 41041 46545 69114 15955 99924 61394 89049 14813 28381 77790 61537 49378 97251 25444 61031 66158 4980 70391 27386 
631 29
51457 43405 90894 25869 32787 56991 26272 5797 3622 48042 92972 88878 53305 31561 16587 80720 70482 3799 47448 91864 60512 43105 63849 68073 13171 64887 32121 57597 45183 
994 34
39175 12683 36236 63117 79257 28442 20250 3228 45341 2856 14891 21292 30635 90930 42424 33210 8639 31172 20426 62670 27087 13266 26965 64479 50273 15074 57955 81511 41835 14187 77934 92787 66939 90109 
635 10
57984 68961 19687 41160 66476 76237 7438 80114 12280 83834 
286 4
41344 85121 17403 95616 
846 56
67840 91651 94214 6150 48646 93963 21644 97297 52753 74900 91287 17946 33564 62621 64926 10143 91684 49319 92583 18983 69544 91824 28592 56243 93364 39350 77110 45625 64700 39230 13378 16200 56649 40010 26956 88912 979 44506 7770 78685 48349 12383 89437 15841 98014 42721 36964 55138 56808 61546 66798 47216 3568 13042 24564 53371 
707 8
14053 42949 17192 13163 86220 45390 70287 98803 
412 1
90086 
915 85
72706 73732 23048 63498 74252 97811 20 8724 15381 38936 67609 56856 59933 34340 58420 43575 19001 92230 7239 19018 1611 23629 8271 27220 68199 70249 51826 67705 59521 49282 56965 76434 93848 62624 47779 62633 82614 92345 90810 83135 36034 10448 53459 95445 98012 92383 77543 36587 11505 15629 47376 1311 86304 26402 43299 16683 7480 4414 22850 54084 40262 84810 59764 75639 73602 65927 57739 25491 85936 4020 54718 11712 40386 70594 33221 24018 75734 31705 28633 83933 93669 52712 16365 12787 55797 
894 9
10689 13540 93925 1543 55689 45738 73806 96209 22133 
544 2
20840 29434 
149 2
51153 14189 
340 77
91138 63499 97813 1559 55326 56864 71727 12847 20015 38457 80445 80982 97889 76394 78442 49267 62582 75895 23673 12420 44686 68760 51869 75430 82107 85691 74434 66245 92870 2768 45803 92398 87281 20722 18674 41206 89857 4358 33034 58131 38675 24853 89877 45335 44834 98087 78635 81202 53048 65339 88904 47433 42321 32089 62313 48493 10619 15233 82820 33168 22420 36766 29107 73149 71614 41427 49620 13779 80855 13784 39391 10722 58343 63983 27632 89586 55295 
474 36
55297 59653 47493 1413 5638 77580 66830 68114 22556 95516 13472 63395 55338 75437 43317 51385 71355 86460 63943 65991 89549 53074 59865 17753 41435 6875 65372 94304 18533 23013 45035 13551 27760 60793 73468 39550 
877 4
34579 35427 92790 75303 
353 1
79351 
579 2
63808 63015 
448 5
62308 22313 55730 26585 59740 
2 35
21760 98177 82309 50553 2186 80651 33681 14483 65299 25763 53159 39601 89523 57012 33722 98882 95175 9671 39115 77648 41942 33507 78073 77798 63335 96618 21612 32878 23791 73073 243 36596 1145 71164 17149 
785 4
97002 61554 77596 54065 
729 2
69993 70963 
864 90
58885 9222 59925 38428 45604 54823 14389 26168 1603 1604 74821 75848 78 57428 19041 32870 74347 112 77425 49779 2168 30340 84104 73356 37517 13453 8850 80031 41631 8864 75425 32419 65710 81074 99004 1728 35523 53959 7881 29898 66253 31951 80081 52945 16083 54492 16617 56558 248 66298 4355 62226 10528 52002 64292 14122 57134 94000 25401 1338 17213 64329 88397 22351 36176 34140 21855 36705 33131 40811 81776 92019 23925 38272 47495 92572 16288 77730 25004 2479 62384 14781 93629 51140 7117 45017 84955 8668 29161 28669 
4 6
10501 52775 45196 83599 54162 86935 
876 3
26850 5203 73222 
391 101
5120 58372 20997 46085 61455 33298 96788 99349 2585 90653 64033 49186 97319 14385 12342 76353 60997 76358 57441 32869 29798 39019 89196 85615 85114 60038 78982 19593 27786 49295 85651 74901 73890 62627 40107 80556 48823 66232 93882 47302 28363 83660 34511 90103 86741 39134 66782 14561 6884 10479 10993 71928 38137 31997 41215 29953 15112 85770 28431 25873 44308 32023 281 81704 77611 3374 39728 90940 12094 21324 92500 52580 40292 21350 15207 44395 74616 86398 14728 33163 10124 53150 39842 34216 60840 21934 85937 78780 91071 74176 83391 74692 94148 47562 10700 63444 91105 12276 3575 8697 60414 
769 78
19973 44039 74248 65032 78871 26648 88089 22049 24611 10788 24625 16947 51768 19533 36453 62566 60524 13422 39023 26228 85631 13463 79513 37531 41634 18097 82102 26295 96454 37585 24274 25307 44772 29414 56048 26372 4869 44298 32011 81677 46868 7446 39201 95546 28474 60223 72003 90438 70985 12625 55123 53076 855 55650 8045 62322 50037 77179 52608 58248 35726 92046 7060 22426 28059 13734 92584 14250 4525 19385 15295 21466 52198 76782 89587 48629 50169 31228 
592 15
11617 18818 85378 6 69385 35691 24652 83948 30835 24596 33300 76628 54366 15964 2590 
543 10
89153 98661 70218 51275 45553 48852 65081 7869 40222 93055 
283 55
59904 55811 63492 84101 13828 54663 88720 7314 69525 19874 808 13225 80939 30382 41135 44719 97457 54961 81205 57269 57656 56120 59193 11707 59838 45890 24390 12615 67915 82763 8270 30802 40146 54100 59479 34775 9436 9183 93152 39778 50531 87140 46694 74983 90600 38122 49771 61040 40816 16627 13685 22261 86263 72187 66940 
861 5
49291 54236 52275 65909 68348 
328 99
23558 28679 69135 23065 28701 49193 7209 59947 38960 92215 79931 68668 59967 16459 21581 17487 19540 89175 37981 87149 9847 8313 8316 6269 34946 40596 21143 84126 4768 45226 86707 55489 85698 70353 60630 43736 1770 54508 43245 80629 12024 27903 72960 99587 22788 54537 7434 16658 63251 75032 84254 4896 83750 64306 25910 2363 49473 2887 66901 69978 59738 84317 10083 24428 80238 49518 7539 375 4474 12668 83839 13188 1926 72072 77714 90518 31127 3996 7070 24993 17829 81829 41385 43953 35250 63425 99273 9162 97749 60886 78826 51692 63468 2029 90094 61420 31218 67572 83450 
182 10
62370 18050 4964 91878 36264 7306 26795 38832 62229 83514 
972 4
30896 78527 76027 12655 
109 4
33671 2809 28410 29263 
458 76
11136 89984 44034 259 50307 53384 61707 19979 20109 14864 74002 33810 52373 95766 54423 7959 84891 89246 63393 87202 31783 22055 21930 61739 74797 89645 43183 90287 55983 44080 5805 12596 31029 2870 11446 65335 77747 56635 57021 92479 13375 2753 91073 79297 46913 66123 44875 35405 94926 45135 56270 84305 40270 96211 64468 52564 15707 36828 48477 6878 47966 69625 87649 50913 40673 34531 4325 36326 96103 45932 42734 73331 14710 77561 47738 44539 
250 3
4130 84372 37055 
321 19
97536 41858 30598 51469 53170 50995 81079 15416 89157 91974 34375 80725 43101 12129 89575 39784 34158 10610 17023 
792 14
54624 35073 17601 51782 90471 9512 42284 301 79949 18842 94797 62031 96346 53119 
607 13
49537 35682 39528 99017 26281 62479 15728 54035 58932 77877 96280 22393 98972 
908 3
71848 40387 85316 
659 3
18664 69441 93778 
669 68
75648 59264 9465 35463 47498 54159 93931 29329 82450 54161 78868 65814 11158 91543 85273 25370 28577 42658 19235 1407 38311 87976 58666 73391 29490 68915 30775 43063 50105 52412 22974 63807 90560 84543 24642 98755 14916 3520 54725 56135 41163 82635 77 86732 85454 83563 57165 52182 31454 48734 13024 38753 48100 82923 72044 14828 96749 22767 623 52207 47218 77164 9332 72311 94840 2425 73470 20991 
567 18
50528 26561 98272 96165 78504 79497 36716 89677 9710 91695 24817 35377 87893 44406 52249 45659 64060 86559 
715 1
47346 
218 1
61442 
107 21
82056 66061 22680 51741 79399 69055 96704 87233 34627 88136 727 50779 97115 21480 39017 49773 57073 27381 54134 90232 36347 
